<?xml version="1.0" encoding="UTF-8"?>
<!-- Generated by org.testng.reporters.JUnitReportReporter -->
<testsuite skipped="0" hostname="DESKTOP-T1L25N8" name="org.example.testRunner.runners" tests="1" failures="0" timestamp="2023-01-02T22:46:17 EET" time="11.924" errors="0">
  <testcase name="runScenario" time="11.924" classname="org.example.testRunner.runners"/>
  <system-out/>
</testsuite> <!-- org.example.testRunner.runners -->
